11:15:54.239 logback [main] INFO  c.tota.datadict.DatadictApplication - Starting DatadictApplication on Win10 with PID 3980 (D:\github-repository\repository-test1\datadict\target\classes started by win 10 in D:\github-repository\repository-test1\datadict)
11:15:54.244 logback [main] INFO  c.tota.datadict.DatadictApplication - No active profile set, falling back to default profiles: default
11:15:54.392 logback [main] INFO  o.s.b.w.s.c.AnnotationConfigServletWebServerApplicationContext - Refreshing org.springframework.boot.web.servlet.context.AnnotationConfigServletWebServerApplicationContext@3eb7fc54: startup date [Fri Sep 07 11:15:54 CST 2018]; root of context hierarchy
11:15:56.491 logback [main] INFO  o.s.b.w.e.tomcat.TomcatWebServer - Tomcat initialized with port(s): 65432 (http)
11:15:56.512 logback [main] INFO  o.a.coyote.http11.Http11NioProtocol - Initializing ProtocolHandler ["http-nio-65432"]
11:15:56.539 logback [main] INFO  o.a.catalina.core.StandardService - Starting service [Tomcat]
11:15:56.539 logback [main] INFO  o.a.catalina.core.StandardEngine - Starting Servlet Engine: Apache Tomcat/8.5.32
11:15:56.551 logback [localhost-startStop-1] INFO  o.a.c.core.AprLifecycleListener - The APR based Apache Tomcat Native library which allows optimal performance in production environments was not found on the java.library.path: [C:\Program Files\Java\jdk1.8.0_172\bin;C:\WINDOWS\Sun\Java\bin;C:\WINDOWS\system32;C:\WINDOWS;C:\Program Files (x86)\Common Files\Oracle\Java\javapath;C:\WINDOWS\system32;C:\WINDOWS;C:\WINDOWS\System32\Wbem;C:\WINDOWS\System32\WindowsPowerShell\v1.0\;D:\tools\TortoiseGit\bin;D:\tools\apache-maven-3.5.3\bin;D:\tools\mysql-5.7.21-winx64\bin;C:\Program Files\Java\jdk1.8.0_172\bin;C:\Program Files\Java\jdk1.8.0_172\jre\bin;D:\soft\yarn\bin\;D:\soft\nodejs\;D:\tools\Git\cmd;D:\software\OpenSSL-Win64\bin;C:\Users\win 10\AppData\Local\Microsoft\WindowsApps;C:\Users\win 10\AppData\Local\GitHubDesktop\bin;C:\Users\win 10\AppData\Local\Yarn\bin;C:\Users\win 10\AppData\Roaming\npm;.]
11:15:56.678 logback [localhost-startStop-1] INFO  o.a.c.c.C.[Tomcat].[localhost].[/] - Initializing Spring embedded WebApplicationContext
11:15:56.679 logback [localhost-startStop-1] INFO  o.s.web.context.ContextLoader - Root WebApplicationContext: initialization completed in 2287 ms
11:15:56.788 logback [localhost-startStop-1] INFO  o.s.b.w.s.FilterRegistrationBean - Mapping filter: 'characterEncodingFilter' to: [/*]
11:15:56.789 logback [localhost-startStop-1] INFO  o.s.b.w.s.FilterRegistrationBean - Mapping filter: 'hiddenHttpMethodFilter' to: [/*]
11:15:56.789 logback [localhost-startStop-1] INFO  o.s.b.w.s.FilterRegistrationBean - Mapping filter: 'httpPutFormContentFilter' to: [/*]
11:15:56.789 logback [localhost-startStop-1] INFO  o.s.b.w.s.FilterRegistrationBean - Mapping filter: 'requestContextFilter' to: [/*]
11:15:56.789 logback [localhost-startStop-1] INFO  o.s.b.w.s.FilterRegistrationBean - Mapping filter: 'LoginFilter' to urls: [/datadict/*]
11:15:56.789 logback [localhost-startStop-1] INFO  o.s.b.w.s.ServletRegistrationBean - Servlet dispatcherServlet mapped to [/]
11:15:57.354 logback [main] INFO  o.s.w.s.h.SimpleUrlHandlerMapping - Mapped URL path [/**/favicon.ico] onto handler of type [class org.springframework.web.servlet.resource.ResourceHttpRequestHandler]
11:15:57.550 logback [main] INFO  o.s.w.s.m.m.a.RequestMappingHandlerAdapter - Looking for @ControllerAdvice: org.springframework.boot.web.servlet.context.AnnotationConfigServletWebServerApplicationContext@3eb7fc54: startup date [Fri Sep 07 11:15:54 CST 2018]; root of context hierarchy
11:15:57.628 logback [main] INFO  o.s.w.s.m.m.a.RequestMappingHandlerMapping - Mapped "{[/datadict/updateTable]}" onto public com.tota.datadict.common.AjaxResult com.tota.datadict.controller.DataDictController.updateTable()
11:15:57.629 logback [main] INFO  o.s.w.s.m.m.a.RequestMappingHandlerMapping - Mapped "{[/datadict/showTables]}" onto public java.lang.String com.tota.datadict.controller.DataDictController.showTables(org.springframework.ui.ModelMap)
11:15:57.629 logback [main] INFO  o.s.w.s.m.m.a.RequestMappingHandlerMapping - Mapped "{[/datadict/showColumns]}" onto public java.lang.String com.tota.datadict.controller.DataDictController.showColumns(org.springframework.ui.ModelMap)
11:15:57.629 logback [main] INFO  o.s.w.s.m.m.a.RequestMappingHandlerMapping - Mapped "{[/datadict/updateColumn]}" onto public com.tota.datadict.common.AjaxResult com.tota.datadict.controller.DataDictController.updateColumn()
11:15:57.630 logback [main] INFO  o.s.w.s.m.m.a.RequestMappingHandlerMapping - Mapped "{[/datadict/showDatabases]}" onto public java.lang.String com.tota.datadict.controller.DataDictController.showDatabases(org.springframework.ui.ModelMap)
11:15:57.631 logback [main] INFO  o.s.w.s.m.m.a.RequestMappingHandlerMapping - Mapped "{[/datadict/addDatabases]}" onto public com.tota.datadict.common.AjaxResult com.tota.datadict.controller.DataDictController.addDatabases()
11:15:57.632 logback [main] INFO  o.s.w.s.m.m.a.RequestMappingHandlerMapping - Mapped "{[/login/checkUserLogin],methods=[POST]}" onto public com.tota.datadict.common.AjaxResult com.tota.datadict.controller.LoginController.checkUserLogin(javax.servlet.http.HttpServletRequest,javax.servlet.http.HttpSession) throws java.lang.Exception
11:15:57.632 logback [main] INFO  o.s.w.s.m.m.a.RequestMappingHandlerMapping - Mapped "{[/login]}" onto public java.lang.String com.tota.datadict.controller.LoginController.login()
11:15:57.633 logback [main] INFO  o.s.w.s.m.m.a.RequestMappingHandlerMapping - Mapped "{[/login/verifyCode]}" onto public java.lang.String com.tota.datadict.controller.LoginController.verifyCode(javax.servlet.http.HttpServletRequest,javax.servlet.http.HttpServletResponse) throws java.io.IOException
11:15:57.635 logback [main] INFO  o.s.w.s.m.m.a.RequestMappingHandlerMapping - Mapped "{[/error]}" onto public org.springframework.http.ResponseEntity<java.util.Map<java.lang.String, java.lang.Object>> org.springframework.boot.autoconfigure.web.servlet.error.BasicErrorController.error(javax.servlet.http.HttpServletRequest)
11:15:57.635 logback [main] INFO  o.s.w.s.m.m.a.RequestMappingHandlerMapping - Mapped "{[/error],produces=[text/html]}" onto public org.springframework.web.servlet.ModelAndView org.springframework.boot.autoconfigure.web.servlet.error.BasicErrorController.errorHtml(javax.servlet.http.HttpServletRequest,javax.servlet.http.HttpServletResponse)
11:15:57.659 logback [main] INFO  o.s.w.s.h.SimpleUrlHandlerMapping - Mapped URL path [/webjars/**] onto handler of type [class org.springframework.web.servlet.resource.ResourceHttpRequestHandler]
11:15:57.659 logback [main] INFO  o.s.w.s.h.SimpleUrlHandlerMapping - Mapped URL path [/**] onto handler of type [class org.springframework.web.servlet.resource.ResourceHttpRequestHandler]
11:15:58.070 logback [main] INFO  o.s.j.e.a.AnnotationMBeanExporter - Registering beans for JMX exposure on startup
11:15:58.072 logback [main] INFO  o.s.j.e.a.AnnotationMBeanExporter - Bean with name 'dataSource' has been autodetected for JMX exposure
11:15:58.077 logback [main] INFO  o.s.j.e.a.AnnotationMBeanExporter - Located MBean 'dataSource': registering with JMX server as MBean [com.zaxxer.hikari:name=dataSource,type=HikariDataSource]
11:15:58.090 logback [main] INFO  o.a.coyote.http11.Http11NioProtocol - Starting ProtocolHandler ["http-nio-65432"]
11:15:58.101 logback [main] INFO  o.a.tomcat.util.net.NioSelectorPool - Using a shared selector for servlet write/read
11:15:58.118 logback [main] INFO  o.s.b.w.e.tomcat.TomcatWebServer - Tomcat started on port(s): 65432 (http) with context path ''
11:15:58.122 logback [main] INFO  c.tota.datadict.DatadictApplication - Started DatadictApplication in 4.339 seconds (JVM running for 4.871)
11:16:28.391 logback [http-nio-65432-exec-1] INFO  o.a.c.c.C.[Tomcat].[localhost].[/] - Initializing Spring FrameworkServlet 'dispatcherServlet'
11:16:28.391 logback [http-nio-65432-exec-1] INFO  o.s.web.servlet.DispatcherServlet - FrameworkServlet 'dispatcherServlet': initialization started
11:16:28.414 logback [http-nio-65432-exec-1] INFO  o.s.web.servlet.DispatcherServlet - FrameworkServlet 'dispatcherServlet': initialization completed in 23 ms
11:16:28.443 logback [http-nio-65432-exec-1] INFO  c.t.d.controller.LoginController - ===========跳转登陆页面
11:17:25.833 logback [http-nio-65432-exec-7] INFO  c.t.d.controller.LoginController - =================校验验证码
11:17:25.852 logback [http-nio-65432-exec-7] INFO  com.zaxxer.hikari.HikariDataSource - HikariPool-1 - Starting...
11:17:26.035 logback [http-nio-65432-exec-7] INFO  com.zaxxer.hikari.HikariDataSource - HikariPool-1 - Start completed.
11:17:26.061 logback [http-nio-65432-exec-7] INFO  c.t.d.controller.LoginController - |---------------用户信息验证通过
14:27:47.655 logback [main] INFO  c.tota.datadict.DatadictApplication - Starting DatadictApplication on Win10 with PID 8136 (D:\github-repository\repository-test1\datadict\target\classes started by win 10 in D:\github-repository\repository-test1\datadict)
14:27:47.660 logback [main] INFO  c.tota.datadict.DatadictApplication - No active profile set, falling back to default profiles: default
14:27:47.833 logback [main] INFO  o.s.b.w.s.c.AnnotationConfigServletWebServerApplicationContext - Refreshing org.springframework.boot.web.servlet.context.AnnotationConfigServletWebServerApplicationContext@6ef888f6: startup date [Fri Sep 07 14:27:47 CST 2018]; root of context hierarchy
14:27:49.649 logback [main] INFO  o.s.b.w.e.tomcat.TomcatWebServer - Tomcat initialized with port(s): 65432 (http)
14:27:49.665 logback [main] INFO  o.a.coyote.http11.Http11NioProtocol - Initializing ProtocolHandler ["http-nio-65432"]
14:27:49.677 logback [main] INFO  o.a.catalina.core.StandardService - Starting service [Tomcat]
14:27:49.677 logback [main] INFO  o.a.catalina.core.StandardEngine - Starting Servlet Engine: Apache Tomcat/8.5.32
14:27:49.686 logback [localhost-startStop-1] INFO  o.a.c.core.AprLifecycleListener - The APR based Apache Tomcat Native library which allows optimal performance in production environments was not found on the java.library.path: [C:\Program Files\Java\jdk1.8.0_172\bin;C:\WINDOWS\Sun\Java\bin;C:\WINDOWS\system32;C:\WINDOWS;C:\Program Files (x86)\Common Files\Oracle\Java\javapath;C:\WINDOWS\system32;C:\WINDOWS;C:\WINDOWS\System32\Wbem;C:\WINDOWS\System32\WindowsPowerShell\v1.0\;D:\tools\TortoiseGit\bin;D:\tools\apache-maven-3.5.3\bin;D:\tools\mysql-5.7.21-winx64\bin;C:\Program Files\Java\jdk1.8.0_172\bin;C:\Program Files\Java\jdk1.8.0_172\jre\bin;D:\soft\yarn\bin\;D:\soft\nodejs\;D:\tools\Git\cmd;D:\software\OpenSSL-Win64\bin;C:\Users\win 10\AppData\Local\Microsoft\WindowsApps;C:\Users\win 10\AppData\Local\GitHubDesktop\bin;C:\Users\win 10\AppData\Local\Yarn\bin;C:\Users\win 10\AppData\Roaming\npm;.]
14:27:49.804 logback [localhost-startStop-1] INFO  o.a.c.c.C.[.[localhost].[/datadict] - Initializing Spring embedded WebApplicationContext
14:27:49.805 logback [localhost-startStop-1] INFO  o.s.web.context.ContextLoader - Root WebApplicationContext: initialization completed in 1972 ms
14:27:49.915 logback [localhost-startStop-1] INFO  o.s.b.w.s.FilterRegistrationBean - Mapping filter: 'characterEncodingFilter' to: [/*]
14:27:49.916 logback [localhost-startStop-1] INFO  o.s.b.w.s.FilterRegistrationBean - Mapping filter: 'hiddenHttpMethodFilter' to: [/*]
14:27:49.916 logback [localhost-startStop-1] INFO  o.s.b.w.s.FilterRegistrationBean - Mapping filter: 'httpPutFormContentFilter' to: [/*]
14:27:49.916 logback [localhost-startStop-1] INFO  o.s.b.w.s.FilterRegistrationBean - Mapping filter: 'requestContextFilter' to: [/*]
14:27:49.916 logback [localhost-startStop-1] INFO  o.s.b.w.s.FilterRegistrationBean - Mapping filter: 'LoginFilter' to urls: [/datadict/*]
14:27:49.916 logback [localhost-startStop-1] INFO  o.s.b.w.s.ServletRegistrationBean - Servlet dispatcherServlet mapped to [/]
14:27:50.445 logback [main] INFO  o.s.w.s.h.SimpleUrlHandlerMapping - Mapped URL path [/**/favicon.ico] onto handler of type [class org.springframework.web.servlet.resource.ResourceHttpRequestHandler]
14:27:50.664 logback [main] INFO  o.s.w.s.m.m.a.RequestMappingHandlerAdapter - Looking for @ControllerAdvice: org.springframework.boot.web.servlet.context.AnnotationConfigServletWebServerApplicationContext@6ef888f6: startup date [Fri Sep 07 14:27:47 CST 2018]; root of context hierarchy
14:27:50.751 logback [main] INFO  o.s.w.s.m.m.a.RequestMappingHandlerMapping - Mapped "{[/datadict/updateColumn]}" onto public com.tota.datadict.common.AjaxResult com.tota.datadict.controller.DataDictController.updateColumn()
14:27:50.752 logback [main] INFO  o.s.w.s.m.m.a.RequestMappingHandlerMapping - Mapped "{[/datadict/showDatabases]}" onto public java.lang.String com.tota.datadict.controller.DataDictController.showDatabases(org.springframework.ui.ModelMap)
14:27:50.752 logback [main] INFO  o.s.w.s.m.m.a.RequestMappingHandlerMapping - Mapped "{[/datadict/showTables]}" onto public java.lang.String com.tota.datadict.controller.DataDictController.showTables(org.springframework.ui.ModelMap)
14:27:50.752 logback [main] INFO  o.s.w.s.m.m.a.RequestMappingHandlerMapping - Mapped "{[/datadict/addDatabases]}" onto public com.tota.datadict.common.AjaxResult com.tota.datadict.controller.DataDictController.addDatabases()
14:27:50.753 logback [main] INFO  o.s.w.s.m.m.a.RequestMappingHandlerMapping - Mapped "{[/datadict/showColumns]}" onto public java.lang.String com.tota.datadict.controller.DataDictController.showColumns(org.springframework.ui.ModelMap)
14:27:50.753 logback [main] INFO  o.s.w.s.m.m.a.RequestMappingHandlerMapping - Mapped "{[/datadict/updateTable]}" onto public com.tota.datadict.common.AjaxResult com.tota.datadict.controller.DataDictController.updateTable()
14:27:50.755 logback [main] INFO  o.s.w.s.m.m.a.RequestMappingHandlerMapping - Mapped "{[/login]}" onto public java.lang.String com.tota.datadict.controller.LoginController.login()
14:27:50.757 logback [main] INFO  o.s.w.s.m.m.a.RequestMappingHandlerMapping - Mapped "{[/login/checkUserLogin],methods=[POST]}" onto public com.tota.datadict.common.AjaxResult com.tota.datadict.controller.LoginController.checkUserLogin(javax.servlet.http.HttpServletRequest,javax.servlet.http.HttpSession) throws java.lang.Exception
14:27:50.757 logback [main] INFO  o.s.w.s.m.m.a.RequestMappingHandlerMapping - Mapped "{[/login/verifyCode]}" onto public java.lang.String com.tota.datadict.controller.LoginController.verifyCode(javax.servlet.http.HttpServletRequest,javax.servlet.http.HttpServletResponse) throws java.io.IOException
14:27:50.760 logback [main] INFO  o.s.w.s.m.m.a.RequestMappingHandlerMapping - Mapped "{[/error]}" onto public org.springframework.http.ResponseEntity<java.util.Map<java.lang.String, java.lang.Object>> org.springframework.boot.autoconfigure.web.servlet.error.BasicErrorController.error(javax.servlet.http.HttpServletRequest)
14:27:50.761 logback [main] INFO  o.s.w.s.m.m.a.RequestMappingHandlerMapping - Mapped "{[/error],produces=[text/html]}" onto public org.springframework.web.servlet.ModelAndView org.springframework.boot.autoconfigure.web.servlet.error.BasicErrorController.errorHtml(javax.servlet.http.HttpServletRequest,javax.servlet.http.HttpServletResponse)
14:27:50.788 logback [main] INFO  o.s.w.s.h.SimpleUrlHandlerMapping - Mapped URL path [/webjars/**] onto handler of type [class org.springframework.web.servlet.resource.ResourceHttpRequestHandler]
14:27:50.788 logback [main] INFO  o.s.w.s.h.SimpleUrlHandlerMapping - Mapped URL path [/**] onto handler of type [class org.springframework.web.servlet.resource.ResourceHttpRequestHandler]
14:27:51.222 logback [main] INFO  o.s.j.e.a.AnnotationMBeanExporter - Registering beans for JMX exposure on startup
14:27:51.225 logback [main] INFO  o.s.j.e.a.AnnotationMBeanExporter - Bean with name 'dataSource' has been autodetected for JMX exposure
14:27:51.231 logback [main] INFO  o.s.j.e.a.AnnotationMBeanExporter - Located MBean 'dataSource': registering with JMX server as MBean [com.zaxxer.hikari:name=dataSource,type=HikariDataSource]
14:27:51.241 logback [main] INFO  o.a.coyote.http11.Http11NioProtocol - Starting ProtocolHandler ["http-nio-65432"]
14:27:51.251 logback [main] INFO  o.a.tomcat.util.net.NioSelectorPool - Using a shared selector for servlet write/read
14:27:51.269 logback [main] INFO  o.s.b.w.e.tomcat.TomcatWebServer - Tomcat started on port(s): 65432 (http) with context path '/datadict'
14:27:51.272 logback [main] INFO  c.tota.datadict.DatadictApplication - Started DatadictApplication in 4.058 seconds (JVM running for 4.619)
14:28:21.556 logback [main] INFO  c.tota.datadict.DatadictApplication - Starting DatadictApplication on Win10 with PID 13376 (D:\github-repository\repository-test1\datadict\target\classes started by win 10 in D:\github-repository\repository-test1\datadict)
14:28:21.562 logback [main] INFO  c.tota.datadict.DatadictApplication - No active profile set, falling back to default profiles: default
14:28:21.688 logback [main] INFO  o.s.b.w.s.c.AnnotationConfigServletWebServerApplicationContext - Refreshing org.springframework.boot.web.servlet.context.AnnotationConfigServletWebServerApplicationContext@7ce3cb8e: startup date [Fri Sep 07 14:28:21 CST 2018]; root of context hierarchy
14:28:23.781 logback [main] INFO  o.s.b.w.e.tomcat.TomcatWebServer - Tomcat initialized with port(s): 65432 (http)
14:28:23.794 logback [main] INFO  o.a.coyote.http11.Http11NioProtocol - Initializing ProtocolHandler ["http-nio-65432"]
14:28:23.804 logback [main] INFO  o.a.catalina.core.StandardService - Starting service [Tomcat]
14:28:23.805 logback [main] INFO  o.a.catalina.core.StandardEngine - Starting Servlet Engine: Apache Tomcat/8.5.32
14:28:23.822 logback [localhost-startStop-1] INFO  o.a.c.core.AprLifecycleListener - The APR based Apache Tomcat Native library which allows optimal performance in production environments was not found on the java.library.path: [C:\Program Files\Java\jdk1.8.0_172\bin;C:\WINDOWS\Sun\Java\bin;C:\WINDOWS\system32;C:\WINDOWS;C:\Program Files (x86)\Common Files\Oracle\Java\javapath;C:\WINDOWS\system32;C:\WINDOWS;C:\WINDOWS\System32\Wbem;C:\WINDOWS\System32\WindowsPowerShell\v1.0\;D:\tools\TortoiseGit\bin;D:\tools\apache-maven-3.5.3\bin;D:\tools\mysql-5.7.21-winx64\bin;C:\Program Files\Java\jdk1.8.0_172\bin;C:\Program Files\Java\jdk1.8.0_172\jre\bin;D:\soft\yarn\bin\;D:\soft\nodejs\;D:\tools\Git\cmd;D:\software\OpenSSL-Win64\bin;C:\Users\win 10\AppData\Local\Microsoft\WindowsApps;C:\Users\win 10\AppData\Local\GitHubDesktop\bin;C:\Users\win 10\AppData\Local\Yarn\bin;C:\Users\win 10\AppData\Roaming\npm;.]
14:28:24.023 logback [localhost-startStop-1] INFO  o.a.c.c.C.[.[localhost].[/dict] - Initializing Spring embedded WebApplicationContext
14:28:24.023 logback [localhost-startStop-1] INFO  o.s.web.context.ContextLoader - Root WebApplicationContext: initialization completed in 2335 ms
14:28:24.113 logback [localhost-startStop-1] INFO  o.s.b.w.s.FilterRegistrationBean - Mapping filter: 'characterEncodingFilter' to: [/*]
14:28:24.114 logback [localhost-startStop-1] INFO  o.s.b.w.s.FilterRegistrationBean - Mapping filter: 'hiddenHttpMethodFilter' to: [/*]
14:28:24.114 logback [localhost-startStop-1] INFO  o.s.b.w.s.FilterRegistrationBean - Mapping filter: 'httpPutFormContentFilter' to: [/*]
14:28:24.114 logback [localhost-startStop-1] INFO  o.s.b.w.s.FilterRegistrationBean - Mapping filter: 'requestContextFilter' to: [/*]
14:28:24.114 logback [localhost-startStop-1] INFO  o.s.b.w.s.FilterRegistrationBean - Mapping filter: 'LoginFilter' to urls: [/datadict/*]
14:28:24.114 logback [localhost-startStop-1] INFO  o.s.b.w.s.ServletRegistrationBean - Servlet dispatcherServlet mapped to [/]
14:28:24.605 logback [main] INFO  o.s.w.s.h.SimpleUrlHandlerMapping - Mapped URL path [/**/favicon.ico] onto handler of type [class org.springframework.web.servlet.resource.ResourceHttpRequestHandler]
14:28:24.814 logback [main] INFO  o.s.w.s.m.m.a.RequestMappingHandlerAdapter - Looking for @ControllerAdvice: org.springframework.boot.web.servlet.context.AnnotationConfigServletWebServerApplicationContext@7ce3cb8e: startup date [Fri Sep 07 14:28:21 CST 2018]; root of context hierarchy
14:28:24.900 logback [main] INFO  o.s.w.s.m.m.a.RequestMappingHandlerMapping - Mapped "{[/datadict/showDatabases]}" onto public java.lang.String com.tota.datadict.controller.DataDictController.showDatabases(org.springframework.ui.ModelMap)
14:28:24.902 logback [main] INFO  o.s.w.s.m.m.a.RequestMappingHandlerMapping - Mapped "{[/datadict/updateColumn]}" onto public com.tota.datadict.common.AjaxResult com.tota.datadict.controller.DataDictController.updateColumn()
14:28:24.903 logback [main] INFO  o.s.w.s.m.m.a.RequestMappingHandlerMapping - Mapped "{[/datadict/showTables]}" onto public java.lang.String com.tota.datadict.controller.DataDictController.showTables(org.springframework.ui.ModelMap)
14:28:24.903 logback [main] INFO  o.s.w.s.m.m.a.RequestMappingHandlerMapping - Mapped "{[/datadict/showColumns]}" onto public java.lang.String com.tota.datadict.controller.DataDictController.showColumns(org.springframework.ui.ModelMap)
14:28:24.903 logback [main] INFO  o.s.w.s.m.m.a.RequestMappingHandlerMapping - Mapped "{[/datadict/updateTable]}" onto public com.tota.datadict.common.AjaxResult com.tota.datadict.controller.DataDictController.updateTable()
14:28:24.903 logback [main] INFO  o.s.w.s.m.m.a.RequestMappingHandlerMapping - Mapped "{[/datadict/addDatabases]}" onto public com.tota.datadict.common.AjaxResult com.tota.datadict.controller.DataDictController.addDatabases()
14:28:24.904 logback [main] INFO  o.s.w.s.m.m.a.RequestMappingHandlerMapping - Mapped "{[/login]}" onto public java.lang.String com.tota.datadict.controller.LoginController.login()
14:28:24.905 logback [main] INFO  o.s.w.s.m.m.a.RequestMappingHandlerMapping - Mapped "{[/login/verifyCode]}" onto public java.lang.String com.tota.datadict.controller.LoginController.verifyCode(javax.servlet.http.HttpServletRequest,javax.servlet.http.HttpServletResponse) throws java.io.IOException
14:28:24.905 logback [main] INFO  o.s.w.s.m.m.a.RequestMappingHandlerMapping - Mapped "{[/login/checkUserLogin],methods=[POST]}" onto public com.tota.datadict.common.AjaxResult com.tota.datadict.controller.LoginController.checkUserLogin(javax.servlet.http.HttpServletRequest,javax.servlet.http.HttpSession) throws java.lang.Exception
14:28:24.907 logback [main] INFO  o.s.w.s.m.m.a.RequestMappingHandlerMapping - Mapped "{[/error]}" onto public org.springframework.http.ResponseEntity<java.util.Map<java.lang.String, java.lang.Object>> org.springframework.boot.autoconfigure.web.servlet.error.BasicErrorController.error(javax.servlet.http.HttpServletRequest)
14:28:24.907 logback [main] INFO  o.s.w.s.m.m.a.RequestMappingHandlerMapping - Mapped "{[/error],produces=[text/html]}" onto public org.springframework.web.servlet.ModelAndView org.springframework.boot.autoconfigure.web.servlet.error.BasicErrorController.errorHtml(javax.servlet.http.HttpServletRequest,javax.servlet.http.HttpServletResponse)
14:28:24.935 logback [main] INFO  o.s.w.s.h.SimpleUrlHandlerMapping - Mapped URL path [/webjars/**] onto handler of type [class org.springframework.web.servlet.resource.ResourceHttpRequestHandler]
14:28:24.935 logback [main] INFO  o.s.w.s.h.SimpleUrlHandlerMapping - Mapped URL path [/**] onto handler of type [class org.springframework.web.servlet.resource.ResourceHttpRequestHandler]
14:28:25.313 logback [main] INFO  o.s.j.e.a.AnnotationMBeanExporter - Registering beans for JMX exposure on startup
14:28:25.314 logback [main] INFO  o.s.j.e.a.AnnotationMBeanExporter - Bean with name 'dataSource' has been autodetected for JMX exposure
14:28:25.322 logback [main] INFO  o.s.j.e.a.AnnotationMBeanExporter - Located MBean 'dataSource': registering with JMX server as MBean [com.zaxxer.hikari:name=dataSource,type=HikariDataSource]
14:28:25.336 logback [main] INFO  o.a.coyote.http11.Http11NioProtocol - Starting ProtocolHandler ["http-nio-65432"]
14:28:25.350 logback [main] INFO  o.a.tomcat.util.net.NioSelectorPool - Using a shared selector for servlet write/read
14:28:25.366 logback [main] INFO  o.s.b.w.e.tomcat.TomcatWebServer - Tomcat started on port(s): 65432 (http) with context path '/dict'
14:28:25.370 logback [main] INFO  c.tota.datadict.DatadictApplication - Started DatadictApplication in 4.299 seconds (JVM running for 4.953)
14:28:52.966 logback [http-nio-65432-exec-1] INFO  o.a.c.c.C.[.[localhost].[/dict] - Initializing Spring FrameworkServlet 'dispatcherServlet'
14:28:52.966 logback [http-nio-65432-exec-1] INFO  o.s.web.servlet.DispatcherServlet - FrameworkServlet 'dispatcherServlet': initialization started
14:28:52.986 logback [http-nio-65432-exec-1] INFO  o.s.web.servlet.DispatcherServlet - FrameworkServlet 'dispatcherServlet': initialization completed in 20 ms
14:29:18.840 logback [http-nio-65432-exec-7] INFO  c.t.d.controller.LoginController - ===========跳转登陆页面
14:33:52.335 logback [main] INFO  c.t.d.DatadictApplicationTests - Starting DatadictApplicationTests on Win10 with PID 4680 (started by win 10 in D:\github-repository\repository-test1\datadict)
14:33:52.338 logback [main] INFO  c.t.d.DatadictApplicationTests - No active profile set, falling back to default profiles: default
14:33:52.432 logback [main] INFO  o.s.w.c.s.GenericWebApplicationContext - Refreshing org.springframework.web.context.support.GenericWebApplicationContext@23941fb4: startup date [Fri Sep 07 14:33:52 CST 2018]; root of context hierarchy
14:33:55.264 logback [main] INFO  o.s.w.s.h.SimpleUrlHandlerMapping - Mapped URL path [/**/favicon.ico] onto handler of type [class org.springframework.web.servlet.resource.ResourceHttpRequestHandler]
14:33:55.757 logback [main] INFO  o.s.w.s.m.m.a.RequestMappingHandlerAdapter - Looking for @ControllerAdvice: org.springframework.web.context.support.GenericWebApplicationContext@23941fb4: startup date [Fri Sep 07 14:33:52 CST 2018]; root of context hierarchy
14:33:55.924 logback [main] INFO  o.s.w.s.m.m.a.RequestMappingHandlerMapping - Mapped "{[/datadict/showTables]}" onto public java.lang.String com.tota.datadict.controller.DataDictController.showTables(org.springframework.ui.ModelMap)
14:33:55.927 logback [main] INFO  o.s.w.s.m.m.a.RequestMappingHandlerMapping - Mapped "{[/datadict/showDatabases]}" onto public java.lang.String com.tota.datadict.controller.DataDictController.showDatabases(org.springframework.ui.ModelMap)
14:33:55.929 logback [main] INFO  o.s.w.s.m.m.a.RequestMappingHandlerMapping - Mapped "{[/datadict/addDatabases]}" onto public com.tota.datadict.common.AjaxResult com.tota.datadict.controller.DataDictController.addDatabases()
14:33:55.930 logback [main] INFO  o.s.w.s.m.m.a.RequestMappingHandlerMapping - Mapped "{[/datadict/updateTable]}" onto public com.tota.datadict.common.AjaxResult com.tota.datadict.controller.DataDictController.updateTable()
14:33:55.931 logback [main] INFO  o.s.w.s.m.m.a.RequestMappingHandlerMapping - Mapped "{[/datadict/showColumns]}" onto public java.lang.String com.tota.datadict.controller.DataDictController.showColumns(org.springframework.ui.ModelMap)
14:33:55.932 logback [main] INFO  o.s.w.s.m.m.a.RequestMappingHandlerMapping - Mapped "{[/datadict/updateColumn]}" onto public com.tota.datadict.common.AjaxResult com.tota.datadict.controller.DataDictController.updateColumn()
14:33:55.933 logback [main] INFO  o.s.w.s.m.m.a.RequestMappingHandlerMapping - Mapped "{[/login]}" onto public java.lang.String com.tota.datadict.controller.LoginController.login()
14:33:55.935 logback [main] INFO  o.s.w.s.m.m.a.RequestMappingHandlerMapping - Mapped "{[/login/checkUserLogin],methods=[POST]}" onto public com.tota.datadict.common.AjaxResult com.tota.datadict.controller.LoginController.checkUserLogin(javax.servlet.http.HttpServletRequest,javax.servlet.http.HttpSession) throws java.lang.Exception
14:33:55.935 logback [main] INFO  o.s.w.s.m.m.a.RequestMappingHandlerMapping - Mapped "{[/login/verifyCode]}" onto public java.lang.String com.tota.datadict.controller.LoginController.verifyCode(javax.servlet.http.HttpServletRequest,javax.servlet.http.HttpServletResponse) throws java.io.IOException
14:33:55.946 logback [main] INFO  o.s.w.s.m.m.a.RequestMappingHandlerMapping - Mapped "{[/error]}" onto public org.springframework.http.ResponseEntity<java.util.Map<java.lang.String, java.lang.Object>> org.springframework.boot.autoconfigure.web.servlet.error.BasicErrorController.error(javax.servlet.http.HttpServletRequest)
14:33:55.947 logback [main] INFO  o.s.w.s.m.m.a.RequestMappingHandlerMapping - Mapped "{[/error],produces=[text/html]}" onto public org.springframework.web.servlet.ModelAndView org.springframework.boot.autoconfigure.web.servlet.error.BasicErrorController.errorHtml(javax.servlet.http.HttpServletRequest,javax.servlet.http.HttpServletResponse)
14:33:55.999 logback [main] INFO  o.s.w.s.h.SimpleUrlHandlerMapping - Mapped URL path [/webjars/**] onto handler of type [class org.springframework.web.servlet.resource.ResourceHttpRequestHandler]
14:33:56.000 logback [main] INFO  o.s.w.s.h.SimpleUrlHandlerMapping - Mapped URL path [/**] onto handler of type [class org.springframework.web.servlet.resource.ResourceHttpRequestHandler]
14:33:56.682 logback [main] INFO  c.t.d.DatadictApplicationTests - Started DatadictApplicationTests in 4.8 seconds (JVM running for 5.746)
14:33:56.834 logback [Thread-2] INFO  o.s.w.c.s.GenericWebApplicationContext - Closing org.springframework.web.context.support.GenericWebApplicationContext@23941fb4: startup date [Fri Sep 07 14:33:52 CST 2018]; root of context hierarchy
14:36:56.066 logback [main] INFO  c.t.d.DatadictApplicationTests - Starting DatadictApplicationTests on Win10 with PID 9040 (started by win 10 in D:\github-repository\repository-test1\datadict)
14:36:56.067 logback [main] INFO  c.t.d.DatadictApplicationTests - No active profile set, falling back to default profiles: default
14:36:56.102 logback [main] INFO  o.s.w.c.s.GenericWebApplicationContext - Refreshing org.springframework.web.context.support.GenericWebApplicationContext@660acfb: startup date [Fri Sep 07 14:36:56 CST 2018]; root of context hierarchy
14:36:59.454 logback [main] INFO  o.s.w.s.h.SimpleUrlHandlerMapping - Mapped URL path [/**/favicon.ico] onto handler of type [class org.springframework.web.servlet.resource.ResourceHttpRequestHandler]
14:36:59.846 logback [main] INFO  o.s.w.s.m.m.a.RequestMappingHandlerAdapter - Looking for @ControllerAdvice: org.springframework.web.context.support.GenericWebApplicationContext@660acfb: startup date [Fri Sep 07 14:36:56 CST 2018]; root of context hierarchy
14:36:59.964 logback [main] INFO  o.s.w.s.m.m.a.RequestMappingHandlerMapping - Mapped "{[/datadict/showDatabases]}" onto public java.lang.String com.tota.datadict.controller.DataDictController.showDatabases(org.springframework.ui.ModelMap)
14:36:59.966 logback [main] INFO  o.s.w.s.m.m.a.RequestMappingHandlerMapping - Mapped "{[/datadict/updateColumn]}" onto public com.tota.datadict.common.AjaxResult com.tota.datadict.controller.DataDictController.updateColumn()
14:36:59.974 logback [main] INFO  o.s.w.s.m.m.a.RequestMappingHandlerMapping - Mapped "{[/datadict/updateTable]}" onto public com.tota.datadict.common.AjaxResult com.tota.datadict.controller.DataDictController.updateTable()
14:36:59.982 logback [main] INFO  o.s.w.s.m.m.a.RequestMappingHandlerMapping - Mapped "{[/datadict/showTables]}" onto public java.lang.String com.tota.datadict.controller.DataDictController.showTables(org.springframework.ui.ModelMap)
14:36:59.983 logback [main] INFO  o.s.w.s.m.m.a.RequestMappingHandlerMapping - Mapped "{[/datadict/addDatabases]}" onto public com.tota.datadict.common.AjaxResult com.tota.datadict.controller.DataDictController.addDatabases()
14:36:59.983 logback [main] INFO  o.s.w.s.m.m.a.RequestMappingHandlerMapping - Mapped "{[/datadict/showColumns]}" onto public java.lang.String com.tota.datadict.controller.DataDictController.showColumns(org.springframework.ui.ModelMap)
14:36:59.986 logback [main] INFO  o.s.w.s.m.m.a.RequestMappingHandlerMapping - Mapped "{[/login]}" onto public java.lang.String com.tota.datadict.controller.LoginController.login()
14:36:59.991 logback [main] INFO  o.s.w.s.m.m.a.RequestMappingHandlerMapping - Mapped "{[/login/verifyCode]}" onto public java.lang.String com.tota.datadict.controller.LoginController.verifyCode(javax.servlet.http.HttpServletRequest,javax.servlet.http.HttpServletResponse) throws java.io.IOException
14:36:59.994 logback [main] INFO  o.s.w.s.m.m.a.RequestMappingHandlerMapping - Mapped "{[/login/checkUserLogin],methods=[POST]}" onto public com.tota.datadict.common.AjaxResult com.tota.datadict.controller.LoginController.checkUserLogin(javax.servlet.http.HttpServletRequest,javax.servlet.http.HttpSession) throws java.lang.Exception
14:36:59.999 logback [main] INFO  o.s.w.s.m.m.a.RequestMappingHandlerMapping - Mapped "{[/error]}" onto public org.springframework.http.ResponseEntity<java.util.Map<java.lang.String, java.lang.Object>> org.springframework.boot.autoconfigure.web.servlet.error.BasicErrorController.error(javax.servlet.http.HttpServletRequest)
14:37:00.000 logback [main] INFO  o.s.w.s.m.m.a.RequestMappingHandlerMapping - Mapped "{[/error],produces=[text/html]}" onto public org.springframework.web.servlet.ModelAndView org.springframework.boot.autoconfigure.web.servlet.error.BasicErrorController.errorHtml(javax.servlet.http.HttpServletRequest,javax.servlet.http.HttpServletResponse)
14:37:00.245 logback [main] INFO  o.s.w.s.h.SimpleUrlHandlerMapping - Mapped URL path [/webjars/**] onto handler of type [class org.springframework.web.servlet.resource.ResourceHttpRequestHandler]
14:37:00.245 logback [main] INFO  o.s.w.s.h.SimpleUrlHandlerMapping - Mapped URL path [/**] onto handler of type [class org.springframework.web.servlet.resource.ResourceHttpRequestHandler]
14:37:00.814 logback [main] INFO  c.t.d.DatadictApplicationTests - Started DatadictApplicationTests in 5.106 seconds (JVM running for 5.942)
14:37:02.121 logback [Thread-2] INFO  o.s.w.c.s.GenericWebApplicationContext - Closing org.springframework.web.context.support.GenericWebApplicationContext@660acfb: startup date [Fri Sep 07 14:36:56 CST 2018]; root of context hierarchy
15:10:23.630 logback [main] INFO  c.t.d.DatadictApplicationTests - Starting DatadictApplicationTests on Win10 with PID 5808 (started by win 10 in D:\github-repository\repository-test1\datadict)
15:10:23.631 logback [main] INFO  c.t.d.DatadictApplicationTests - No active profile set, falling back to default profiles: default
15:10:23.672 logback [main] INFO  o.s.w.c.s.GenericWebApplicationContext - Refreshing org.springframework.web.context.support.GenericWebApplicationContext@660acfb: startup date [Fri Sep 07 15:10:23 CST 2018]; root of context hierarchy
15:10:26.000 logback [main] INFO  o.s.w.s.h.SimpleUrlHandlerMapping - Mapped URL path [/**/favicon.ico] onto handler of type [class org.springframework.web.servlet.resource.ResourceHttpRequestHandler]
15:10:26.431 logback [main] INFO  o.s.w.s.m.m.a.RequestMappingHandlerAdapter - Looking for @ControllerAdvice: org.springframework.web.context.support.GenericWebApplicationContext@660acfb: startup date [Fri Sep 07 15:10:23 CST 2018]; root of context hierarchy
15:10:26.536 logback [main] INFO  o.s.w.s.m.m.a.RequestMappingHandlerMapping - Mapped "{[/datadict/showTables]}" onto public java.lang.String com.tota.datadict.controller.DataDictController.showTables(org.springframework.ui.ModelMap)
15:10:26.538 logback [main] INFO  o.s.w.s.m.m.a.RequestMappingHandlerMapping - Mapped "{[/datadict/showDatabases]}" onto public java.lang.String com.tota.datadict.controller.DataDictController.showDatabases(org.springframework.ui.ModelMap)
15:10:26.538 logback [main] INFO  o.s.w.s.m.m.a.RequestMappingHandlerMapping - Mapped "{[/datadict/showColumns]}" onto public java.lang.String com.tota.datadict.controller.DataDictController.showColumns(org.springframework.ui.ModelMap)
15:10:26.539 logback [main] INFO  o.s.w.s.m.m.a.RequestMappingHandlerMapping - Mapped "{[/datadict/addDatabases]}" onto public com.tota.datadict.common.AjaxResult com.tota.datadict.controller.DataDictController.addDatabases()
15:10:26.539 logback [main] INFO  o.s.w.s.m.m.a.RequestMappingHandlerMapping - Mapped "{[/datadict/updateTable]}" onto public com.tota.datadict.common.AjaxResult com.tota.datadict.controller.DataDictController.updateTable()
15:10:26.539 logback [main] INFO  o.s.w.s.m.m.a.RequestMappingHandlerMapping - Mapped "{[/datadict/updateColumn]}" onto public com.tota.datadict.common.AjaxResult com.tota.datadict.controller.DataDictController.updateColumn()
15:10:26.542 logback [main] INFO  o.s.w.s.m.m.a.RequestMappingHandlerMapping - Mapped "{[/login]}" onto public java.lang.String com.tota.datadict.controller.LoginController.login()
15:10:26.543 logback [main] INFO  o.s.w.s.m.m.a.RequestMappingHandlerMapping - Mapped "{[/login/verifyCode]}" onto public java.lang.String com.tota.datadict.controller.LoginController.verifyCode(javax.servlet.http.HttpServletRequest,javax.servlet.http.HttpServletResponse) throws java.io.IOException
15:10:26.544 logback [main] INFO  o.s.w.s.m.m.a.RequestMappingHandlerMapping - Mapped "{[/login/checkUserLogin],methods=[POST]}" onto public com.tota.datadict.common.AjaxResult com.tota.datadict.controller.LoginController.checkUserLogin(javax.servlet.http.HttpServletRequest,javax.servlet.http.HttpSession) throws java.lang.Exception
15:10:26.547 logback [main] INFO  o.s.w.s.m.m.a.RequestMappingHandlerMapping - Mapped "{[/error]}" onto public org.springframework.http.ResponseEntity<java.util.Map<java.lang.String, java.lang.Object>> org.springframework.boot.autoconfigure.web.servlet.error.BasicErrorController.error(javax.servlet.http.HttpServletRequest)
15:10:26.548 logback [main] INFO  o.s.w.s.m.m.a.RequestMappingHandlerMapping - Mapped "{[/error],produces=[text/html]}" onto public org.springframework.web.servlet.ModelAndView org.springframework.boot.autoconfigure.web.servlet.error.BasicErrorController.errorHtml(javax.servlet.http.HttpServletRequest,javax.servlet.http.HttpServletResponse)
15:10:26.586 logback [main] INFO  o.s.w.s.h.SimpleUrlHandlerMapping - Mapped URL path [/webjars/**] onto handler of type [class org.springframework.web.servlet.resource.ResourceHttpRequestHandler]
15:10:26.588 logback [main] INFO  o.s.w.s.h.SimpleUrlHandlerMapping - Mapped URL path [/**] onto handler of type [class org.springframework.web.servlet.resource.ResourceHttpRequestHandler]
15:10:27.264 logback [main] INFO  c.t.d.DatadictApplicationTests - Started DatadictApplicationTests in 3.984 seconds (JVM running for 4.814)
15:10:27.615 logback [Thread-2] INFO  o.s.w.c.s.GenericWebApplicationContext - Closing org.springframework.web.context.support.GenericWebApplicationContext@660acfb: startup date [Fri Sep 07 15:10:23 CST 2018]; root of context hierarchy
15:40:18.937 logback [main] INFO  c.t.d.DatadictApplicationTests - Starting DatadictApplicationTests on Win10 with PID 4708 (started by win 10 in D:\github-repository\repository-test1\datadict)
15:40:18.941 logback [main] INFO  c.t.d.DatadictApplicationTests - No active profile set, falling back to default profiles: default
15:40:19.018 logback [main] INFO  o.s.w.c.s.GenericWebApplicationContext - Refreshing org.springframework.web.context.support.GenericWebApplicationContext@660acfb: startup date [Fri Sep 07 15:40:19 CST 2018]; root of context hierarchy
15:40:21.503 logback [main] INFO  o.s.w.s.h.SimpleUrlHandlerMapping - Mapped URL path [/**/favicon.ico] onto handler of type [class org.springframework.web.servlet.resource.ResourceHttpRequestHandler]
15:40:21.936 logback [main] INFO  o.s.w.s.m.m.a.RequestMappingHandlerAdapter - Looking for @ControllerAdvice: org.springframework.web.context.support.GenericWebApplicationContext@660acfb: startup date [Fri Sep 07 15:40:19 CST 2018]; root of context hierarchy
15:40:22.033 logback [main] INFO  o.s.w.s.m.m.a.RequestMappingHandlerMapping - Mapped "{[/datadict/showDatabases]}" onto public java.lang.String com.tota.datadict.controller.DataDictController.showDatabases(org.springframework.ui.ModelMap)
15:40:22.035 logback [main] INFO  o.s.w.s.m.m.a.RequestMappingHandlerMapping - Mapped "{[/datadict/showTables]}" onto public java.lang.String com.tota.datadict.controller.DataDictController.showTables(org.springframework.ui.ModelMap)
15:40:22.036 logback [main] INFO  o.s.w.s.m.m.a.RequestMappingHandlerMapping - Mapped "{[/datadict/showColumns]}" onto public java.lang.String com.tota.datadict.controller.DataDictController.showColumns(org.springframework.ui.ModelMap)
15:40:22.037 logback [main] INFO  o.s.w.s.m.m.a.RequestMappingHandlerMapping - Mapped "{[/datadict/updateColumn]}" onto public com.tota.datadict.common.AjaxResult com.tota.datadict.controller.DataDictController.updateColumn()
15:40:22.038 logback [main] INFO  o.s.w.s.m.m.a.RequestMappingHandlerMapping - Mapped "{[/datadict/updateTable]}" onto public com.tota.datadict.common.AjaxResult com.tota.datadict.controller.DataDictController.updateTable()
15:40:22.042 logback [main] INFO  o.s.w.s.m.m.a.RequestMappingHandlerMapping - Mapped "{[/datadict/addDatabases]}" onto public com.tota.datadict.common.AjaxResult com.tota.datadict.controller.DataDictController.addDatabases()
15:40:22.043 logback [main] INFO  o.s.w.s.m.m.a.RequestMappingHandlerMapping - Mapped "{[/login]}" onto public java.lang.String com.tota.datadict.controller.LoginController.login()
15:40:22.044 logback [main] INFO  o.s.w.s.m.m.a.RequestMappingHandlerMapping - Mapped "{[/login/checkUserLogin],methods=[POST]}" onto public com.tota.datadict.common.AjaxResult com.tota.datadict.controller.LoginController.checkUserLogin(javax.servlet.http.HttpServletRequest,javax.servlet.http.HttpSession) throws java.lang.Exception
15:40:22.044 logback [main] INFO  o.s.w.s.m.m.a.RequestMappingHandlerMapping - Mapped "{[/login/verifyCode]}" onto public java.lang.String com.tota.datadict.controller.LoginController.verifyCode(javax.servlet.http.HttpServletRequest,javax.servlet.http.HttpServletResponse) throws java.io.IOException
15:40:22.047 logback [main] INFO  o.s.w.s.m.m.a.RequestMappingHandlerMapping - Mapped "{[/error]}" onto public org.springframework.http.ResponseEntity<java.util.Map<java.lang.String, java.lang.Object>> org.springframework.boot.autoconfigure.web.servlet.error.BasicErrorController.error(javax.servlet.http.HttpServletRequest)
15:40:22.048 logback [main] INFO  o.s.w.s.m.m.a.RequestMappingHandlerMapping - Mapped "{[/error],produces=[text/html]}" onto public org.springframework.web.servlet.ModelAndView org.springframework.boot.autoconfigure.web.servlet.error.BasicErrorController.errorHtml(javax.servlet.http.HttpServletRequest,javax.servlet.http.HttpServletResponse)
15:40:22.088 logback [main] INFO  o.s.w.s.h.SimpleUrlHandlerMapping - Mapped URL path [/webjars/**] onto handler of type [class org.springframework.web.servlet.resource.ResourceHttpRequestHandler]
15:40:22.088 logback [main] INFO  o.s.w.s.h.SimpleUrlHandlerMapping - Mapped URL path [/**] onto handler of type [class org.springframework.web.servlet.resource.ResourceHttpRequestHandler]
15:40:22.909 logback [main] INFO  c.t.d.DatadictApplicationTests - Started DatadictApplicationTests in 4.384 seconds (JVM running for 5.446)
15:40:23.582 logback [Thread-2] INFO  o.s.w.c.s.GenericWebApplicationContext - Closing org.springframework.web.context.support.GenericWebApplicationContext@660acfb: startup date [Fri Sep 07 15:40:19 CST 2018]; root of context hierarchy
