15:51:17.276 logback [main] INFO  c.t.d.DatadictApplicationTests - Starting DatadictApplicationTests on Win10 with PID 5784 (started by win 10 in D:\github-repository\repository-test1\datadict)
15:51:17.277 logback [main] INFO  c.t.d.DatadictApplicationTests - No active profile set, falling back to default profiles: default
15:51:17.344 logback [main] INFO  o.s.w.c.s.GenericWebApplicationContext - Refreshing org.springframework.web.context.support.GenericWebApplicationContext@660acfb: startup date [Fri Sep 07 15:51:17 CST 2018]; root of context hierarchy
15:51:19.779 logback [main] INFO  o.s.w.s.h.SimpleUrlHandlerMapping - Mapped URL path [/**/favicon.ico] onto handler of type [class org.springframework.web.servlet.resource.ResourceHttpRequestHandler]
15:51:20.150 logback [main] INFO  o.s.w.s.m.m.a.RequestMappingHandlerAdapter - Looking for @ControllerAdvice: org.springframework.web.context.support.GenericWebApplicationContext@660acfb: startup date [Fri Sep 07 15:51:17 CST 2018]; root of context hierarchy
15:51:20.230 logback [main] INFO  o.s.w.s.m.m.a.RequestMappingHandlerMapping - Mapped "{[/datadict/showColumns]}" onto public java.lang.String com.tota.datadict.controller.DataDictController.showColumns(org.springframework.ui.ModelMap)
15:51:20.232 logback [main] INFO  o.s.w.s.m.m.a.RequestMappingHandlerMapping - Mapped "{[/datadict/updateTable]}" onto public com.tota.datadict.common.AjaxResult com.tota.datadict.controller.DataDictController.updateTable()
15:51:20.233 logback [main] INFO  o.s.w.s.m.m.a.RequestMappingHandlerMapping - Mapped "{[/datadict/showDatabases]}" onto public java.lang.String com.tota.datadict.controller.DataDictController.showDatabases(org.springframework.ui.ModelMap)
15:51:20.233 logback [main] INFO  o.s.w.s.m.m.a.RequestMappingHandlerMapping - Mapped "{[/datadict/addDatabases]}" onto public com.tota.datadict.common.AjaxResult com.tota.datadict.controller.DataDictController.addDatabases()
15:51:20.233 logback [main] INFO  o.s.w.s.m.m.a.RequestMappingHandlerMapping - Mapped "{[/datadict/showTables]}" onto public java.lang.String com.tota.datadict.controller.DataDictController.showTables(org.springframework.ui.ModelMap)
15:51:20.234 logback [main] INFO  o.s.w.s.m.m.a.RequestMappingHandlerMapping - Mapped "{[/datadict/updateColumn]}" onto public com.tota.datadict.common.AjaxResult com.tota.datadict.controller.DataDictController.updateColumn()
15:51:20.237 logback [main] INFO  o.s.w.s.m.m.a.RequestMappingHandlerMapping - Mapped "{[/login]}" onto public java.lang.String com.tota.datadict.controller.LoginController.login()
15:51:20.238 logback [main] INFO  o.s.w.s.m.m.a.RequestMappingHandlerMapping - Mapped "{[/login/checkUserLogin],methods=[POST]}" onto public com.tota.datadict.common.AjaxResult com.tota.datadict.controller.LoginController.checkUserLogin(javax.servlet.http.HttpServletRequest,javax.servlet.http.HttpSession) throws java.lang.Exception
15:51:20.238 logback [main] INFO  o.s.w.s.m.m.a.RequestMappingHandlerMapping - Mapped "{[/login/verifyCode]}" onto public java.lang.String com.tota.datadict.controller.LoginController.verifyCode(javax.servlet.http.HttpServletRequest,javax.servlet.http.HttpServletResponse) throws java.io.IOException
15:51:20.243 logback [main] INFO  o.s.w.s.m.m.a.RequestMappingHandlerMapping - Mapped "{[/error]}" onto public org.springframework.http.ResponseEntity<java.util.Map<java.lang.String, java.lang.Object>> org.springframework.boot.autoconfigure.web.servlet.error.BasicErrorController.error(javax.servlet.http.HttpServletRequest)
15:51:20.244 logback [main] INFO  o.s.w.s.m.m.a.RequestMappingHandlerMapping - Mapped "{[/error],produces=[text/html]}" onto public org.springframework.web.servlet.ModelAndView org.springframework.boot.autoconfigure.web.servlet.error.BasicErrorController.errorHtml(javax.servlet.http.HttpServletRequest,javax.servlet.http.HttpServletResponse)
15:51:20.289 logback [main] INFO  o.s.w.s.h.SimpleUrlHandlerMapping - Mapped URL path [/webjars/**] onto handler of type [class org.springframework.web.servlet.resource.ResourceHttpRequestHandler]
15:51:20.290 logback [main] INFO  o.s.w.s.h.SimpleUrlHandlerMapping - Mapped URL path [/**] onto handler of type [class org.springframework.web.servlet.resource.ResourceHttpRequestHandler]
15:51:21.005 logback [main] INFO  c.t.d.DatadictApplicationTests - Started DatadictApplicationTests in 4.094 seconds (JVM running for 4.993)
15:51:21.665 logback [Thread-2] INFO  o.s.w.c.s.GenericWebApplicationContext - Closing org.springframework.web.context.support.GenericWebApplicationContext@660acfb: startup date [Fri Sep 07 15:51:17 CST 2018]; root of context hierarchy
15:52:08.773 logback [main] INFO  c.t.d.DatadictApplicationTests - Starting DatadictApplicationTests on Win10 with PID 3576 (started by win 10 in D:\github-repository\repository-test1\datadict)
15:52:08.776 logback [main] INFO  c.t.d.DatadictApplicationTests - No active profile set, falling back to default profiles: default
15:52:08.848 logback [main] INFO  o.s.w.c.s.GenericWebApplicationContext - Refreshing org.springframework.web.context.support.GenericWebApplicationContext@660acfb: startup date [Fri Sep 07 15:52:08 CST 2018]; root of context hierarchy
15:52:11.249 logback [main] INFO  o.s.w.s.h.SimpleUrlHandlerMapping - Mapped URL path [/**/favicon.ico] onto handler of type [class org.springframework.web.servlet.resource.ResourceHttpRequestHandler]
15:52:11.603 logback [main] INFO  o.s.w.s.m.m.a.RequestMappingHandlerAdapter - Looking for @ControllerAdvice: org.springframework.web.context.support.GenericWebApplicationContext@660acfb: startup date [Fri Sep 07 15:52:08 CST 2018]; root of context hierarchy
15:52:11.685 logback [main] INFO  o.s.w.s.m.m.a.RequestMappingHandlerMapping - Mapped "{[/datadict/showDatabases]}" onto public java.lang.String com.tota.datadict.controller.DataDictController.showDatabases(org.springframework.ui.ModelMap)
15:52:11.687 logback [main] INFO  o.s.w.s.m.m.a.RequestMappingHandlerMapping - Mapped "{[/datadict/showTables]}" onto public java.lang.String com.tota.datadict.controller.DataDictController.showTables(org.springframework.ui.ModelMap)
15:52:11.687 logback [main] INFO  o.s.w.s.m.m.a.RequestMappingHandlerMapping - Mapped "{[/datadict/showColumns]}" onto public java.lang.String com.tota.datadict.controller.DataDictController.showColumns(org.springframework.ui.ModelMap)
15:52:11.688 logback [main] INFO  o.s.w.s.m.m.a.RequestMappingHandlerMapping - Mapped "{[/datadict/updateTable]}" onto public com.tota.datadict.common.AjaxResult com.tota.datadict.controller.DataDictController.updateTable()
15:52:11.688 logback [main] INFO  o.s.w.s.m.m.a.RequestMappingHandlerMapping - Mapped "{[/datadict/addDatabases]}" onto public com.tota.datadict.common.AjaxResult com.tota.datadict.controller.DataDictController.addDatabases()
15:52:11.688 logback [main] INFO  o.s.w.s.m.m.a.RequestMappingHandlerMapping - Mapped "{[/datadict/updateColumn]}" onto public com.tota.datadict.common.AjaxResult com.tota.datadict.controller.DataDictController.updateColumn()
15:52:11.690 logback [main] INFO  o.s.w.s.m.m.a.RequestMappingHandlerMapping - Mapped "{[/login]}" onto public java.lang.String com.tota.datadict.controller.LoginController.login()
15:52:11.692 logback [main] INFO  o.s.w.s.m.m.a.RequestMappingHandlerMapping - Mapped "{[/login/checkUserLogin],methods=[POST]}" onto public com.tota.datadict.common.AjaxResult com.tota.datadict.controller.LoginController.checkUserLogin(javax.servlet.http.HttpServletRequest,javax.servlet.http.HttpSession) throws java.lang.Exception
15:52:11.693 logback [main] INFO  o.s.w.s.m.m.a.RequestMappingHandlerMapping - Mapped "{[/login/verifyCode]}" onto public java.lang.String com.tota.datadict.controller.LoginController.verifyCode(javax.servlet.http.HttpServletRequest,javax.servlet.http.HttpServletResponse) throws java.io.IOException
15:52:11.695 logback [main] INFO  o.s.w.s.m.m.a.RequestMappingHandlerMapping - Mapped "{[/error]}" onto public org.springframework.http.ResponseEntity<java.util.Map<java.lang.String, java.lang.Object>> org.springframework.boot.autoconfigure.web.servlet.error.BasicErrorController.error(javax.servlet.http.HttpServletRequest)
15:52:11.696 logback [main] INFO  o.s.w.s.m.m.a.RequestMappingHandlerMapping - Mapped "{[/error],produces=[text/html]}" onto public org.springframework.web.servlet.ModelAndView org.springframework.boot.autoconfigure.web.servlet.error.BasicErrorController.errorHtml(javax.servlet.http.HttpServletRequest,javax.servlet.http.HttpServletResponse)
15:52:11.726 logback [main] INFO  o.s.w.s.h.SimpleUrlHandlerMapping - Mapped URL path [/webjars/**] onto handler of type [class org.springframework.web.servlet.resource.ResourceHttpRequestHandler]
15:52:11.727 logback [main] INFO  o.s.w.s.h.SimpleUrlHandlerMapping - Mapped URL path [/**] onto handler of type [class org.springframework.web.servlet.resource.ResourceHttpRequestHandler]
15:52:12.367 logback [main] INFO  c.t.d.DatadictApplicationTests - Started DatadictApplicationTests in 3.956 seconds (JVM running for 4.813)
15:52:13.435 logback [Thread-2] INFO  o.s.w.c.s.GenericWebApplicationContext - Closing org.springframework.web.context.support.GenericWebApplicationContext@660acfb: startup date [Fri Sep 07 15:52:08 CST 2018]; root of context hierarchy
15:53:03.384 logback [main] INFO  c.t.d.DatadictApplicationTests - Starting DatadictApplicationTests on Win10 with PID 5536 (started by win 10 in D:\github-repository\repository-test1\datadict)
15:53:03.387 logback [main] INFO  c.t.d.DatadictApplicationTests - No active profile set, falling back to default profiles: default
15:53:03.438 logback [main] INFO  o.s.w.c.s.GenericWebApplicationContext - Refreshing org.springframework.web.context.support.GenericWebApplicationContext@660acfb: startup date [Fri Sep 07 15:53:03 CST 2018]; root of context hierarchy
15:53:05.616 logback [main] INFO  o.s.w.s.h.SimpleUrlHandlerMapping - Mapped URL path [/**/favicon.ico] onto handler of type [class org.springframework.web.servlet.resource.ResourceHttpRequestHandler]
15:53:05.897 logback [main] INFO  o.s.w.s.m.m.a.RequestMappingHandlerAdapter - Looking for @ControllerAdvice: org.springframework.web.context.support.GenericWebApplicationContext@660acfb: startup date [Fri Sep 07 15:53:03 CST 2018]; root of context hierarchy
15:53:06.080 logback [main] INFO  o.s.w.s.m.m.a.RequestMappingHandlerMapping - Mapped "{[/datadict/updateTable]}" onto public com.tota.datadict.common.AjaxResult com.tota.datadict.controller.DataDictController.updateTable()
15:53:06.083 logback [main] INFO  o.s.w.s.m.m.a.RequestMappingHandlerMapping - Mapped "{[/datadict/showTables]}" onto public java.lang.String com.tota.datadict.controller.DataDictController.showTables(org.springframework.ui.ModelMap)
15:53:06.084 logback [main] INFO  o.s.w.s.m.m.a.RequestMappingHandlerMapping - Mapped "{[/datadict/updateColumn]}" onto public com.tota.datadict.common.AjaxResult com.tota.datadict.controller.DataDictController.updateColumn()
15:53:06.084 logback [main] INFO  o.s.w.s.m.m.a.RequestMappingHandlerMapping - Mapped "{[/datadict/showDatabases]}" onto public java.lang.String com.tota.datadict.controller.DataDictController.showDatabases(org.springframework.ui.ModelMap)
15:53:06.085 logback [main] INFO  o.s.w.s.m.m.a.RequestMappingHandlerMapping - Mapped "{[/datadict/addDatabases]}" onto public com.tota.datadict.common.AjaxResult com.tota.datadict.controller.DataDictController.addDatabases()
15:53:06.086 logback [main] INFO  o.s.w.s.m.m.a.RequestMappingHandlerMapping - Mapped "{[/datadict/showColumns]}" onto public java.lang.String com.tota.datadict.controller.DataDictController.showColumns(org.springframework.ui.ModelMap)
15:53:06.088 logback [main] INFO  o.s.w.s.m.m.a.RequestMappingHandlerMapping - Mapped "{[/login]}" onto public java.lang.String com.tota.datadict.controller.LoginController.login()
15:53:06.089 logback [main] INFO  o.s.w.s.m.m.a.RequestMappingHandlerMapping - Mapped "{[/login/verifyCode]}" onto public java.lang.String com.tota.datadict.controller.LoginController.verifyCode(javax.servlet.http.HttpServletRequest,javax.servlet.http.HttpServletResponse) throws java.io.IOException
15:53:06.090 logback [main] INFO  o.s.w.s.m.m.a.RequestMappingHandlerMapping - Mapped "{[/login/checkUserLogin],methods=[POST]}" onto public com.tota.datadict.common.AjaxResult com.tota.datadict.controller.LoginController.checkUserLogin(javax.servlet.http.HttpServletRequest,javax.servlet.http.HttpSession) throws java.lang.Exception
15:53:06.093 logback [main] INFO  o.s.w.s.m.m.a.RequestMappingHandlerMapping - Mapped "{[/error]}" onto public org.springframework.http.ResponseEntity<java.util.Map<java.lang.String, java.lang.Object>> org.springframework.boot.autoconfigure.web.servlet.error.BasicErrorController.error(javax.servlet.http.HttpServletRequest)
15:53:06.095 logback [main] INFO  o.s.w.s.m.m.a.RequestMappingHandlerMapping - Mapped "{[/error],produces=[text/html]}" onto public org.springframework.web.servlet.ModelAndView org.springframework.boot.autoconfigure.web.servlet.error.BasicErrorController.errorHtml(javax.servlet.http.HttpServletRequest,javax.servlet.http.HttpServletResponse)
15:53:06.134 logback [main] INFO  o.s.w.s.h.SimpleUrlHandlerMapping - Mapped URL path [/webjars/**] onto handler of type [class org.springframework.web.servlet.resource.ResourceHttpRequestHandler]
15:53:06.134 logback [main] INFO  o.s.w.s.h.SimpleUrlHandlerMapping - Mapped URL path [/**] onto handler of type [class org.springframework.web.servlet.resource.ResourceHttpRequestHandler]
15:53:06.695 logback [main] INFO  c.t.d.DatadictApplicationTests - Started DatadictApplicationTests in 3.665 seconds (JVM running for 4.442)
15:53:07.147 logback [Thread-2] INFO  o.s.w.c.s.GenericWebApplicationContext - Closing org.springframework.web.context.support.GenericWebApplicationContext@660acfb: startup date [Fri Sep 07 15:53:03 CST 2018]; root of context hierarchy
